<?xml version="1.0" encoding="UTF-8"?>
<!-- Generated by org.testng.reporters.JUnitXMLReporter -->
<testsuite hostname="ip-172-31-29-249" ignored="4" name="Default test" tests="3" failures="0" timestamp="2022-09-03T06:06:09 UTC" time="0.144" errors="0">
  <testcase name="HomeLoanTest" time="0.009" classname="test.LoanTest"/>
  <testcase name="PersonalLoanTest" time="0.023" classname="test.LoanTest"/>
  <testcase name="CCTest" time="0.009" classname="test.CardTest"/>
  <testcase name="@AfterTest method4" time="0.0" classname="test.BaseClass">
    <ignored/>
  </testcase> <!-- @AfterTest method4 -->
  <testcase name="@AfterTest method4" time="0.0" classname="test.BaseClass">
    <ignored/>
  </testcase> <!-- @AfterTest method4 -->
  <testcase name="@BeforeTest method3" time="0.0" classname="test.BaseClass">
    <ignored/>
  </testcase> <!-- @BeforeTest method3 -->
  <testcase name="@BeforeTest method3" time="0.0" classname="test.BaseClass">
    <ignored/>
  </testcase> <!-- @BeforeTest method3 -->
</testsuite> <!-- Default test -->
